========================================================================
                     Bochs x86 Emulator 2.6.9.svn
              Built from SVN snapshot after release 2.6.9
                  Compiled on Jul 29 2019 at 19:39:20
========================================================================
Next at t=0
(0) [0x0000fffffff0] f000:fff0 (no symbol): jmpf 0xf000:e05b          ; ea5be000f0
<bochs:1> maxzSize: 2147483648
frames: 0000000000120000 to 0000000000130008 for 524352 bits, maxSize: 2147483648
maxzSize: 2147483648
initialKernelHeap
numPages: 256
PageDirectory<T,39,9>: this 0x0000000000110000
entry: 0 == 0x0000000000111023 
PageDirectory<T,30,9>: this 0x0000000000111000
entry: 0 == 0x0000000000112023 
PageDirectory<T,21,9>: this 0x0000000000112000
entry: 0 == 0x0000000000113023 
PageDirectory<T,12,9>: this 0x0000000000113000
entry: 0 == 0x0000000000000003 
entry: 1 == 0x0000000000001003 
entry: 2 == 0x0000000000002003 
entry: 3 == 0x0000000000003003 
entry: 4 == 0x0000000000004003 
entry: 5 == 0x0000000000005003 
entry: 6 == 0x0000000000006003 
entry: 7 == 0x0000000000007003 
entry: 8 == 0x0000000000008063 
entry: 9 == 0x0000000000009003 
entry: 10 == 0x000000000000a003 
entry: 11 == 0x000000000000b003 
entry: 12 == 0x000000000000c003 
entry: 13 == 0x000000000000d003 
entry: 14 == 0x000000000000e003 
entry: 15 == 0x000000000000f003 
entry: 16 == 0x0000000000010003 
entry: 17 == 0x0000000000011003 
entry: 18 == 0x0000000000012003 
entry: 19 == 0x0000000000013003 
entry: 20 == 0x0000000000014003 
entry: 21 == 0x0000000000015003 
entry: 22 == 0x0000000000016003 
entry: 23 == 0x0000000000017003 
entry: 24 == 0x0000000000018003 
entry: 25 == 0x0000000000019003 
entry: 26 == 0x000000000001a003 
entry: 27 == 0x000000000001b003 
entry: 28 == 0x000000000001c003 
entry: 29 == 0x000000000001d003 
entry: 30 == 0x000000000001e003 
entry: 31 == 0x000000000001f003 
entry: 32 == 0x0000000000020003 
entry: 33 == 0x0000000000021003 
entry: 34 == 0x0000000000022003 
entry: 35 == 0x0000000000023003 
entry: 36 == 0x0000000000024003 
entry: 37 == 0x0000000000025003 
entry: 38 == 0x0000000000026003 
entry: 39 == 0x0000000000027003 
entry: 40 == 0x0000000000028003 
entry: 41 == 0x0000000000029003 
entry: 42 == 0x000000000002a003 
entry: 43 == 0x000000000002b003 
entry: 44 == 0x000000000002c003 
entry: 45 == 0x000000000002d003 
entry: 46 == 0x000000000002e003 
entry: 47 == 0x000000000002f003 
entry: 48 == 0x0000000000030003 
entry: 49 == 0x0000000000031003 
entry: 50 == 0x0000000000032003 
entry: 51 == 0x0000000000033003 
entry: 52 == 0x0000000000034003 
entry: 53 == 0x0000000000035003 
entry: 54 == 0x0000000000036003 
entry: 55 == 0x0000000000037003 
entry: 56 == 0x0000000000038003 
entry: 57 == 0x0000000000039003 
entry: 58 == 0x000000000003a003 
entry: 59 == 0x000000000003b003 
entry: 60 == 0x000000000003c003 
entry: 61 == 0x000000000003d003 
entry: 62 == 0x000000000003e003 
entry: 63 == 0x000000000003f003 
entry: 64 == 0x0000000000040003 
entry: 65 == 0x0000000000041003 
entry: 66 == 0x0000000000042003 
entry: 67 == 0x0000000000043003 
entry: 68 == 0x0000000000044003 
entry: 69 == 0x0000000000045003 
entry: 70 == 0x0000000000046003 
entry: 71 == 0x0000000000047003 
entry: 72 == 0x0000000000048003 
entry: 73 == 0x0000000000049003 
entry: 74 == 0x000000000004a003 
entry: 75 == 0x000000000004b003 
entry: 76 == 0x000000000004c003 
entry: 77 == 0x000000000004d003 
entry: 78 == 0x000000000004e003 
entry: 79 == 0x000000000004f003 
entry: 80 == 0x0000000000050003 
entry: 81 == 0x0000000000051003 
entry: 82 == 0x0000000000052003 
entry: 83 == 0x0000000000053003 
entry: 84 == 0x0000000000054003 
entry: 85 == 0x0000000000055003 
entry: 86 == 0x0000000000056003 
entry: 87 == 0x0000000000057003 
entry: 88 == 0x0000000000058003 
entry: 89 == 0x0000000000059003 
entry: 90 == 0x000000000005a003 
entry: 91 == 0x000000000005b003 
entry: 92 == 0x000000000005c003 
entry: 93 == 0x000000000005d003 
entry: 94 == 0x000000000005e003 
entry: 95 == 0x000000000005f003 
entry: 96 == 0x0000000000060003 
entry: 97 == 0x0000000000061003 
entry: 98 == 0x0000000000062003 
entry: 99 == 0x0000000000063003 
entry: 100 == 0x0000000000064003 
entry: 101 == 0x0000000000065003 
entry: 102 == 0x0000000000066003 
entry: 103 == 0x0000000000067003 
entry: 104 == 0x0000000000068003 
entry: 105 == 0x0000000000069003 
entry: 106 == 0x000000000006a003 
entry: 107 == 0x000000000006b003 
entry: 108 == 0x000000000006c003 
entry: 109 == 0x000000000006d003 
entry: 110 == 0x000000000006e003 
entry: 111 == 0x000000000006f003 
entry: 112 == 0x0000000000070003 
entry: 113 == 0x0000000000071003 
entry: 114 == 0x0000000000072003 
entry: 115 == 0x0000000000073003 
entry: 116 == 0x0000000000074003 
entry: 117 == 0x0000000000075003 
entry: 118 == 0x0000000000076003 
entry: 119 == 0x0000000000077003 
entry: 120 == 0x0000000000078003 
entry: 121 == 0x0000000000079003 
entry: 122 == 0x000000000007a003 
entry: 123 == 0x000000000007b003 
entry: 124 == 0x000000000007c003 
entry: 125 == 0x000000000007d003 
entry: 126 == 0x000000000007e003 
entry: 127 == 0x000000000007f003 
entry: 128 == 0x0000000000080003 
entry: 129 == 0x0000000000081003 
entry: 130 == 0x0000000000082003 
entry: 131 == 0x0000000000083003 
entry: 132 == 0x0000000000084003 
entry: 133 == 0x0000000000085003 
entry: 134 == 0x0000000000086003 
entry: 135 == 0x0000000000087003 
entry: 136 == 0x0000000000088003 
entry: 137 == 0x0000000000089003 
entry: 138 == 0x000000000008a003 
entry: 139 == 0x000000000008b003 
entry: 140 == 0x000000000008c003 
entry: 141 == 0x000000000008d003 
entry: 142 == 0x000000000008e003 
entry: 143 == 0x000000000008f003 
entry: 144 == 0x0000000000090003 
entry: 145 == 0x0000000000091003 
entry: 146 == 0x0000000000092003 
entry: 147 == 0x0000000000093003 
entry: 148 == 0x0000000000094003 
entry: 149 == 0x0000000000095003 
entry: 150 == 0x0000000000096003 
entry: 151 == 0x0000000000097003 
entry: 152 == 0x0000000000098003 
entry: 153 == 0x0000000000099003 
entry: 154 == 0x000000000009a003 
entry: 155 == 0x000000000009b003 
entry: 156 == 0x000000000009c003 
entry: 157 == 0x000000000009d003 
entry: 158 == 0x000000000009e003 
entry: 159 == 0x000000000009f003 
entry: 160 == 0x00000000000a0003 
entry: 161 == 0x00000000000a1003 
entry: 162 == 0x00000000000a2003 
entry: 163 == 0x00000000000a3003 
entry: 164 == 0x00000000000a4003 
entry: 165 == 0x00000000000a5003 
entry: 166 == 0x00000000000a6003 
entry: 167 == 0x00000000000a7003 
entry: 168 == 0x00000000000a8003 
entry: 169 == 0x00000000000a9003 
entry: 170 == 0x00000000000aa003 
entry: 171 == 0x00000000000ab003 
entry: 172 == 0x00000000000ac003 
entry: 173 == 0x00000000000ad003 
entry: 174 == 0x00000000000ae003 
entry: 175 == 0x00000000000af003 
entry: 176 == 0x00000000000b0003 
entry: 177 == 0x00000000000b1003 
entry: 178 == 0x00000000000b2003 
entry: 179 == 0x00000000000b3003 
entry: 180 == 0x00000000000b4003 
entry: 181 == 0x00000000000b5003 
entry: 182 == 0x00000000000b6003 
entry: 183 == 0x00000000000b7003 
entry: 184 == 0x00000000000b8063 
entry: 185 == 0x00000000000b9003 
entry: 186 == 0x00000000000ba003 
entry: 187 == 0x00000000000bb003 
entry: 188 == 0x00000000000bc003 
entry: 189 == 0x00000000000bd003 
entry: 190 == 0x00000000000be003 
entry: 191 == 0x00000000000bf003 
entry: 192 == 0x00000000000c0003 
entry: 193 == 0x00000000000c1003 
entry: 194 == 0x00000000000c2003 
entry: 195 == 0x00000000000c3003 
entry: 196 == 0x00000000000c4003 
entry: 197 == 0x00000000000c5003 
entry: 198 == 0x00000000000c6003 
entry: 199 == 0x00000000000c7003 
entry: 200 == 0x00000000000c8003 
entry: 201 == 0x00000000000c9003 
entry: 202 == 0x00000000000ca003 
entry: 203 == 0x00000000000cb003 
entry: 204 == 0x00000000000cc003 
entry: 205 == 0x00000000000cd003 
entry: 206 == 0x00000000000ce003 
entry: 207 == 0x00000000000cf003 
entry: 208 == 0x00000000000d0003 
entry: 209 == 0x00000000000d1003 
entry: 210 == 0x00000000000d2003 
entry: 211 == 0x00000000000d3003 
entry: 212 == 0x00000000000d4003 
entry: 213 == 0x00000000000d5003 
entry: 214 == 0x00000000000d6003 
entry: 215 == 0x00000000000d7003 
entry: 216 == 0x00000000000d8003 
entry: 217 == 0x00000000000d9003 
entry: 218 == 0x00000000000da003 
entry: 219 == 0x00000000000db003 
entry: 220 == 0x00000000000dc003 
entry: 221 == 0x00000000000dd003 
entry: 222 == 0x00000000000de003 
entry: 223 == 0x00000000000df003 
entry: 224 == 0x00000000000e0003 
entry: 225 == 0x00000000000e1003 
entry: 226 == 0x00000000000e2003 
entry: 227 == 0x00000000000e3003 
entry: 228 == 0x00000000000e4003 
entry: 229 == 0x00000000000e5003 
entry: 230 == 0x00000000000e6003 
entry: 231 == 0x00000000000e7003 
entry: 232 == 0x00000000000e8003 
entry: 233 == 0x00000000000e9003 
entry: 234 == 0x00000000000ea003 
entry: 235 == 0x00000000000eb003 
entry: 236 == 0x00000000000ec003 
entry: 237 == 0x00000000000ed003 
entry: 238 == 0x00000000000ee003 
entry: 239 == 0x00000000000ef003 
entry: 240 == 0x00000000000f0003 
entry: 241 == 0x00000000000f1003 
entry: 242 == 0x00000000000f2003 
entry: 243 == 0x00000000000f3003 
entry: 244 == 0x00000000000f4003 
entry: 245 == 0x00000000000f5003 
entry: 246 == 0x00000000000f6003 
entry: 247 == 0x00000000000f7003 
entry: 248 == 0x00000000000f8003 
entry: 249 == 0x00000000000f9003 
entry: 250 == 0x00000000000fa003 
entry: 251 == 0x00000000000fb003 
entry: 252 == 0x00000000000fc003 
entry: 253 == 0x00000000000fd003 
entry: 254 == 0x00000000000fe003 
entry: 255 == 0x00000000000ff003 
entry: 256 == 0x0000000000100023 
entry: 257 == 0x0000000000101003 
entry: 258 == 0x0000000000102003 
entry: 259 == 0x0000000000103023 
entry: 260 == 0x0000000000104023 
entry: 261 == 0x0000000000105023 
entry: 262 == 0x0000000000106023 
entry: 263 == 0x0000000000107023 
entry: 264 == 0x0000000000108023 
entry: 265 == 0x0000000000109023 
entry: 266 == 0x000000000010a023 
entry: 267 == 0x000000000010b023 
entry: 268 == 0x000000000010c003 
entry: 269 == 0x000000000010d003 
entry: 270 == 0x000000000010e023 
entry: 271 == 0x000000000010f063 
entry: 272 == 0x0000000000110023 
entry: 273 == 0x0000000000111063 
entry: 274 == 0x0000000000112023 
entry: 275 == 0x0000000000113023 
entry: 276 == 0x0000000000114063 
entry: 277 == 0x0000000000115003 
entry: 278 == 0x0000000000116003 
entry: 279 == 0x0000000000117063 
entry: 280 == 0x0000000000118063 
entry: 281 == 0x0000000000119063 
entry: 282 == 0x000000000011a003 
entry: 283 == 0x000000000011b003 
entry: 284 == 0x000000000011c063 
entry: 285 == 0x000000000011d063 
entry: 286 == 0x000000000011e063 
entry: 287 == 0x000000000011f063 
entry: 288 == 0x0000000000120063 
entry: 289 == 0x0000000000121063 
entry: 290 == 0x0000000000122063 
entry: 291 == 0x0000000000123063 
entry: 292 == 0x0000000000124063 
entry: 293 == 0x0000000000125063 
entry: 294 == 0x0000000000126063 
entry: 295 == 0x0000000000127063 
entry: 296 == 0x0000000000128063 
entry: 297 == 0x0000000000129063 
entry: 298 == 0x000000000012a063 
entry: 299 == 0x000000000012b063 
entry: 300 == 0x000000000012c063 
entry: 301 == 0x000000000012d063 
entry: 302 == 0x000000000012e063 
entry: 303 == 0x000000000012f063 
entry: 304 == 0x0000000000130063 
entry: 305 == 0x0000000000131063 
entry: 306 == 0x0000000000132063 
entry: 307 == 0x0000000000133003 
entry: 308 == 0x0000000000134003 
entry: 309 == 0x0000000000135003 
entry: 310 == 0x0000000000136003 
entry: 311 == 0x0000000000137003 
entry: 312 == 0x0000000000138003 
entry: 313 == 0x0000000000139003 
entry: 314 == 0x000000000013a003 
entry: 315 == 0x000000000013b003 
entry: 316 == 0x000000000013c003 
entry: 317 == 0x000000000013d003 
entry: 318 == 0x000000000013e003 
entry: 319 == 0x000000000013f003 
entry: 320 == 0x0000000000140003 
entry: 321 == 0x0000000000141003 
entry: 322 == 0x0000000000142003 
entry: 323 == 0x0000000000143003 
entry: 324 == 0x0000000000144003 
entry: 325 == 0x0000000000145003 
entry: 326 == 0x0000000000146003 
entry: 327 == 0x0000000000147003 
entry: 328 == 0x0000000000148003 
entry: 329 == 0x0000000000149003 
entry: 330 == 0x000000000014a003 
entry: 331 == 0x000000000014b003 
entry: 332 == 0x000000000014c003 
entry: 333 == 0x000000000014d003 
entry: 334 == 0x000000000014e023 
entry: 335 == 0x000000000014f023 
entry: 336 == 0x0000000000150003 
entry: 337 == 0x0000000000151003 
entry: 338 == 0x0000000000152003 
entry: 339 == 0x0000000000153003 
entry: 340 == 0x0000000000154003 
entry: 341 == 0x0000000000155003 
entry: 342 == 0x0000000000156003 
entry: 343 == 0x0000000000157003 
entry: 344 == 0x0000000000158003 
entry: 345 == 0x0000000000159003 
entry: 346 == 0x000000000015a003 
entry: 347 == 0x000000000015b003 
entry: 348 == 0x000000000015c003 
entry: 349 == 0x000000000015d003 
entry: 350 == 0x000000000015e003 
entry: 351 == 0x000000000015f003 
entry: 352 == 0x0000000000160003 
entry: 353 == 0x0000000000161003 
entry: 354 == 0x0000000000162003 
entry: 355 == 0x0000000000163003 
entry: 356 == 0x0000000000164003 
entry: 357 == 0x0000000000165003 
entry: 358 == 0x0000000000166003 
entry: 359 == 0x0000000000167003 
entry: 360 == 0x0000000000168003 
entry: 361 == 0x0000000000169003 
entry: 362 == 0x000000000016a003 
entry: 363 == 0x000000000016b003 
entry: 364 == 0x000000000016c003 
entry: 365 == 0x000000000016d003 
entry: 366 == 0x000000000016e003 
entry: 367 == 0x000000000016f003 
entry: 368 == 0x0000000000170003 
entry: 369 == 0x0000000000171003 
entry: 370 == 0x0000000000172003 
entry: 371 == 0x0000000000173003 
entry: 372 == 0x0000000000174003 
entry: 373 == 0x0000000000175003 
entry: 374 == 0x0000000000176003 
entry: 375 == 0x0000000000177003 
entry: 376 == 0x0000000000178003 
entry: 377 == 0x0000000000179003 
entry: 378 == 0x000000000017a003 
entry: 379 == 0x000000000017b003 
entry: 380 == 0x000000000017c003 
entry: 381 == 0x000000000017d003 
entry: 382 == 0x000000000017e003 
entry: 383 == 0x000000000017f003 
entry: 384 == 0x0000000000180003 
entry: 385 == 0x0000000000181003 
entry: 386 == 0x0000000000182003 
entry: 387 == 0x0000000000183003 
entry: 388 == 0x0000000000184003 
entry: 389 == 0x0000000000185003 
entry: 390 == 0x0000000000186003 
entry: 391 == 0x0000000000187003 
entry: 392 == 0x0000000000188003 
entry: 393 == 0x0000000000189003 
entry: 394 == 0x000000000018a003 
entry: 395 == 0x000000000018b003 
entry: 396 == 0x000000000018c003 
entry: 397 == 0x000000000018d003 
entry: 398 == 0x000000000018e003 
entry: 399 == 0x000000000018f003 
entry: 400 == 0x0000000000190003 
entry: 401 == 0x0000000000191003 
entry: 402 == 0x0000000000192003 
entry: 403 == 0x0000000000193003 
entry: 404 == 0x0000000000194003 
entry: 405 == 0x0000000000195003 
entry: 406 == 0x0000000000196003 
entry: 407 == 0x0000000000197003 
entry: 408 == 0x0000000000198003 
entry: 409 == 0x0000000000199003 
entry: 410 == 0x000000000019a003 
entry: 411 == 0x000000000019b003 
entry: 412 == 0x000000000019c003 
entry: 413 == 0x000000000019d003 
entry: 414 == 0x000000000019e003 
entry: 415 == 0x000000000019f003 
entry: 416 == 0x00000000001a0003 
entry: 417 == 0x00000000001a1003 
entry: 418 == 0x00000000001a2003 
entry: 419 == 0x00000000001a3003 
entry: 420 == 0x00000000001a4003 
entry: 421 == 0x00000000001a5003 
entry: 422 == 0x00000000001a6003 
entry: 423 == 0x00000000001a7003 
entry: 424 == 0x00000000001a8003 
entry: 425 == 0x00000000001a9003 
entry: 426 == 0x00000000001aa003 
entry: 427 == 0x00000000001ab003 
entry: 428 == 0x00000000001ac003 
entry: 429 == 0x00000000001ad003 
entry: 430 == 0x00000000001ae003 
entry: 431 == 0x00000000001af003 
entry: 432 == 0x00000000001b0003 
entry: 433 == 0x00000000001b1003 
entry: 434 == 0x00000000001b2003 
entry: 435 == 0x00000000001b3003 
entry: 436 == 0x00000000001b4003 
entry: 437 == 0x00000000001b5003 
entry: 438 == 0x00000000001b6003 
entry: 439 == 0x00000000001b7003 
entry: 440 == 0x00000000001b8003 
entry: 441 == 0x00000000001b9003 
entry: 442 == 0x00000000001ba003 
entry: 443 == 0x00000000001bb003 
entry: 444 == 0x00000000001bc003 
entry: 445 == 0x00000000001bd003 
entry: 446 == 0x00000000001be003 
entry: 447 == 0x00000000001bf003 
entry: 448 == 0x00000000001c0003 
entry: 449 == 0x00000000001c1003 
entry: 450 == 0x00000000001c2003 
entry: 451 == 0x00000000001c3003 
entry: 452 == 0x00000000001c4003 
entry: 453 == 0x00000000001c5003 
entry: 454 == 0x00000000001c6003 
entry: 455 == 0x00000000001c7003 
entry: 456 == 0x00000000001c8003 
entry: 457 == 0x00000000001c9003 
entry: 458 == 0x00000000001ca003 
entry: 459 == 0x00000000001cb003 
entry: 460 == 0x00000000001cc003 
entry: 461 == 0x00000000001cd003 
entry: 462 == 0x00000000001ce003 
entry: 463 == 0x00000000001cf003 
entry: 464 == 0x00000000001d0003 
entry: 465 == 0x00000000001d1003 
entry: 466 == 0x00000000001d2003 
entry: 467 == 0x00000000001d3003 
entry: 468 == 0x00000000001d4003 
entry: 469 == 0x00000000001d5003 
entry: 470 == 0x00000000001d6003 
entry: 471 == 0x00000000001d7003 
entry: 472 == 0x00000000001d8003 
entry: 473 == 0x00000000001d9003 
entry: 474 == 0x00000000001da003 
entry: 475 == 0x00000000001db003 
entry: 476 == 0x00000000001dc003 
entry: 477 == 0x00000000001dd003 
entry: 478 == 0x00000000001de003 
entry: 479 == 0x00000000001df003 
entry: 480 == 0x00000000001e0003 
entry: 481 == 0x00000000001e1003 
entry: 482 == 0x00000000001e2003 
entry: 483 == 0x00000000001e3003 
entry: 484 == 0x00000000001e4003 
entry: 485 == 0x00000000001e5003 
entry: 486 == 0x00000000001e6003 
entry: 487 == 0x00000000001e7003 
entry: 488 == 0x00000000001e8003 
entry: 489 == 0x00000000001e9003 
entry: 490 == 0x00000000001ea003 
entry: 491 == 0x00000000001eb003 
entry: 492 == 0x00000000001ec003 
entry: 493 == 0x00000000001ed003 
entry: 494 == 0x00000000001ee003 
entry: 495 == 0x00000000001ef003 
entry: 496 == 0x00000000001f0003 
entry: 497 == 0x00000000001f1003 
entry: 498 == 0x00000000001f2003 
entry: 499 == 0x00000000001f3003 
entry: 500 == 0x00000000001f4003 
entry: 501 == 0x00000000001f5003 
entry: 502 == 0x00000000001f6003 
entry: 503 == 0x00000000001f7003 
entry: 504 == 0x00000000001f8003 
entry: 505 == 0x00000000001f9003 
entry: 506 == 0x00000000001fa003 
entry: 507 == 0x00000000001fb003 
entry: 508 == 0x00000000001fc003 
entry: 509 == 0x00000000001fd003 
entry: 510 == 0x00000000001fe003 
entry: 511 == 0x0000000000110003 
===========================================
===========================================
entry: 3 == 0x0000000000131003 
PageDirectory<T,21,9>: this 0x0000000000131000
entry: 0 == 0x0000000000132003 
PageDirectory<T,12,9>: this 0x0000000000132000
entry: 0 == 0x0000000000200005 
entry: 1 == 0x0000000000201005 
entry: 2 == 0x0000000000202005 
entry: 3 == 0x0000000000203005 
entry: 4 == 0x0000000000204005 
entry: 5 == 0x0000000000205005 
entry: 6 == 0x0000000000206005 
entry: 7 == 0x0000000000207005 
entry: 8 == 0x0000000000208005 
entry: 9 == 0x0000000000209005 
entry: 10 == 0x000000000020a005 
entry: 11 == 0x000000000020b005 
entry: 12 == 0x000000000020c005 
entry: 13 == 0x000000000020d005 
entry: 14 == 0x000000000020e005 
entry: 15 == 0x000000000020f005 
entry: 16 == 0x0000000000210005 
entry: 17 == 0x0000000000211005 
entry: 18 == 0x0000000000212005 
entry: 19 == 0x0000000000213005 
entry: 20 == 0x0000000000214005 
entry: 21 == 0x0000000000215005 
entry: 22 == 0x0000000000216005 
entry: 23 == 0x0000000000217005 
entry: 24 == 0x0000000000218005 
entry: 25 == 0x0000000000219005 
entry: 26 == 0x000000000021a005 
entry: 27 == 0x000000000021b005 
entry: 28 == 0x000000000021c005 
entry: 29 == 0x000000000021d005 
entry: 30 == 0x000000000021e005 
entry: 31 == 0x000000000021f005 
entry: 32 == 0x0000000000220005 
entry: 33 == 0x0000000000221005 
entry: 34 == 0x0000000000222005 
entry: 35 == 0x0000000000223005 
entry: 36 == 0x0000000000224005 
entry: 37 == 0x0000000000225005 
entry: 38 == 0x0000000000226005 
entry: 39 == 0x0000000000227005 
entry: 40 == 0x0000000000228005 
entry: 41 == 0x0000000000229005 
entry: 42 == 0x000000000022a005 
entry: 43 == 0x000000000022b005 
entry: 44 == 0x000000000022c005 
entry: 45 == 0x000000000022d005 
entry: 46 == 0x000000000022e005 
entry: 47 == 0x000000000022f005 
entry: 48 == 0x0000000000230005 
entry: 49 == 0x0000000000231005 
entry: 50 == 0x0000000000232005 
entry: 51 == 0x0000000000233005 
entry: 52 == 0x0000000000234005 
entry: 53 == 0x0000000000235005 
entry: 54 == 0x0000000000236005 
entry: 55 == 0x0000000000237005 
entry: 56 == 0x0000000000238005 
entry: 57 == 0x0000000000239005 
entry: 58 == 0x000000000023a005 
entry: 59 == 0x000000000023b005 
entry: 60 == 0x000000000023c005 
entry: 61 == 0x000000000023d005 
entry: 62 == 0x000000000023e005 
entry: 63 == 0x000000000023f005 
entry: 64 == 0x0000000000240005 
entry: 65 == 0x0000000000241005 
entry: 66 == 0x0000000000242005 
entry: 67 == 0x0000000000243005 
entry: 68 == 0x0000000000244005 
entry: 69 == 0x0000000000245005 
entry: 70 == 0x0000000000246005 
entry: 71 == 0x0000000000247005 
entry: 72 == 0x0000000000248005 
entry: 73 == 0x0000000000249005 
entry: 74 == 0x000000000024a005 
entry: 75 == 0x000000000024b005 
entry: 76 == 0x000000000024c005 
entry: 77 == 0x000000000024d005 
entry: 78 == 0x000000000024e005 
entry: 79 == 0x000000000024f005 
entry: 80 == 0x0000000000250005 
entry: 81 == 0x0000000000251005 
entry: 82 == 0x0000000000252005 
entry: 83 == 0x0000000000253005 
entry: 84 == 0x0000000000254005 
entry: 85 == 0x0000000000255005 
entry: 86 == 0x0000000000256005 
entry: 87 == 0x0000000000257005 
entry: 88 == 0x0000000000258005 
entry: 89 == 0x0000000000259005 
entry: 90 == 0x000000000025a005 
entry: 91 == 0x000000000025b005 
entry: 92 == 0x000000000025c005 
entry: 93 == 0x000000000025d005 
entry: 94 == 0x000000000025e005 
entry: 95 == 0x000000000025f005 
entry: 96 == 0x0000000000260005 
entry: 97 == 0x0000000000261005 
entry: 98 == 0x0000000000262005 
entry: 99 == 0x0000000000263005 
entry: 100 == 0x0000000000264005 
entry: 101 == 0x0000000000265005 
entry: 102 == 0x0000000000266005 
entry: 103 == 0x0000000000267005 
entry: 104 == 0x0000000000268005 
entry: 105 == 0x0000000000269005 
entry: 106 == 0x000000000026a005 
entry: 107 == 0x000000000026b005 
entry: 108 == 0x000000000026c005 
entry: 109 == 0x000000000026d005 
entry: 110 == 0x000000000026e005 
entry: 111 == 0x000000000026f005 
entry: 112 == 0x0000000000270005 
entry: 113 == 0x0000000000271005 
entry: 114 == 0x0000000000272005 
entry: 115 == 0x0000000000273005 
entry: 116 == 0x0000000000274005 
entry: 117 == 0x0000000000275005 
entry: 118 == 0x0000000000276005 
entry: 119 == 0x0000000000277005 
entry: 120 == 0x0000000000278005 
entry: 121 == 0x0000000000279005 
entry: 122 == 0x000000000027a005 
entry: 123 == 0x000000000027b005 
entry: 124 == 0x000000000027c005 
entry: 125 == 0x000000000027d005 
entry: 126 == 0x000000000027e005 
entry: 127 == 0x000000000027f005 
entry: 128 == 0x0000000000280005 
entry: 129 == 0x0000000000281005 
entry: 130 == 0x0000000000282005 
entry: 131 == 0x0000000000283005 
entry: 132 == 0x0000000000284005 
entry: 133 == 0x0000000000285005 
entry: 134 == 0x0000000000286005 
entry: 135 == 0x0000000000287005 
entry: 136 == 0x0000000000288005 
entry: 137 == 0x0000000000289005 
entry: 138 == 0x000000000028a005 
entry: 139 == 0x000000000028b005 
entry: 140 == 0x000000000028c005 
entry: 141 == 0x000000000028d005 
entry: 142 == 0x000000000028e005 
entry: 143 == 0x000000000028f005 
entry: 144 == 0x0000000000290005 
entry: 145 == 0x0000000000291005 
entry: 146 == 0x0000000000292005 
entry: 147 == 0x0000000000293005 
entry: 148 == 0x0000000000294005 
entry: 149 == 0x0000000000295005 
entry: 150 == 0x0000000000296005 
entry: 151 == 0x0000000000297005 
entry: 152 == 0x0000000000298005 
entry: 153 == 0x0000000000299005 
entry: 154 == 0x000000000029a005 
entry: 155 == 0x000000000029b005 
entry: 156 == 0x000000000029c005 
entry: 157 == 0x000000000029d005 
entry: 158 == 0x000000000029e005 
entry: 159 == 0x000000000029f005 
entry: 160 == 0x00000000002a0005 
entry: 161 == 0x00000000002a1005 
entry: 162 == 0x00000000002a2005 
entry: 163 == 0x00000000002a3005 
entry: 164 == 0x00000000002a4005 
entry: 165 == 0x00000000002a5005 
entry: 166 == 0x00000000002a6005 
entry: 167 == 0x00000000002a7005 
entry: 168 == 0x00000000002a8005 
entry: 169 == 0x00000000002a9005 
entry: 170 == 0x00000000002aa005 
entry: 171 == 0x00000000002ab005 
entry: 172 == 0x00000000002ac005 
entry: 173 == 0x00000000002ad005 
entry: 174 == 0x00000000002ae005 
entry: 175 == 0x00000000002af005 
entry: 176 == 0x00000000002b0005 
entry: 177 == 0x00000000002b1005 
entry: 178 == 0x00000000002b2005 
entry: 179 == 0x00000000002b3005 
entry: 180 == 0x00000000002b4005 
entry: 181 == 0x00000000002b5005 
entry: 182 == 0x00000000002b6005 
entry: 183 == 0x00000000002b7005 
entry: 184 == 0x00000000002b8005 
entry: 185 == 0x00000000002b9005 
entry: 186 == 0x00000000002ba005 
entry: 187 == 0x00000000002bb005 
entry: 188 == 0x00000000002bc005 
entry: 189 == 0x00000000002bd005 
entry: 190 == 0x00000000002be005 
entry: 191 == 0x00000000002bf005 
entry: 192 == 0x00000000002c0005 
entry: 193 == 0x00000000002c1005 
entry: 194 == 0x00000000002c2005 
entry: 195 == 0x00000000002c3005 
entry: 196 == 0x00000000002c4005 
entry: 197 == 0x00000000002c5005 
entry: 198 == 0x00000000002c6005 
entry: 199 == 0x00000000002c7005 
entry: 200 == 0x00000000002c8005 
entry: 201 == 0x00000000002c9005 
entry: 202 == 0x00000000002ca005 
entry: 203 == 0x00000000002cb005 
entry: 204 == 0x00000000002cc005 
entry: 205 == 0x00000000002cd005 
entry: 206 == 0x00000000002ce005 
entry: 207 == 0x00000000002cf005 
entry: 208 == 0x00000000002d0005 
entry: 209 == 0x00000000002d1005 
entry: 210 == 0x00000000002d2005 
entry: 211 == 0x00000000002d3005 
entry: 212 == 0x00000000002d4005 
entry: 213 == 0x00000000002d5005 
entry: 214 == 0x00000000002d6005 
entry: 215 == 0x00000000002d7005 
entry: 216 == 0x00000000002d8005 
entry: 217 == 0x00000000002d9005 
entry: 218 == 0x00000000002da005 
entry: 219 == 0x00000000002db005 
entry: 220 == 0x00000000002dc005 
entry: 221 == 0x00000000002dd005 
entry: 222 == 0x00000000002de005 
entry: 223 == 0x00000000002df005 
entry: 224 == 0x00000000002e0005 
entry: 225 == 0x00000000002e1005 
entry: 226 == 0x00000000002e2005 
entry: 227 == 0x00000000002e3005 
entry: 228 == 0x00000000002e4005 
entry: 229 == 0x00000000002e5005 
entry: 230 == 0x00000000002e6005 
entry: 231 == 0x00000000002e7005 
entry: 232 == 0x00000000002e8005 
entry: 233 == 0x00000000002e9005 
entry: 234 == 0x00000000002ea005 
entry: 235 == 0x00000000002eb005 
entry: 236 == 0x00000000002ec005 
entry: 237 == 0x00000000002ed005 
entry: 238 == 0x00000000002ee005 
entry: 239 == 0x00000000002ef005 
entry: 240 == 0x00000000002f0005 
entry: 241 == 0x00000000002f1005 
entry: 242 == 0x00000000002f2005 
entry: 243 == 0x00000000002f3005 
entry: 244 == 0x00000000002f4005 
entry: 245 == 0x00000000002f5005 
entry: 246 == 0x00000000002f6005 
entry: 247 == 0x00000000002f7005 
entry: 248 == 0x00000000002f8005 
entry: 249 == 0x00000000002f9005 
entry: 250 == 0x00000000002fa005 
entry: 251 == 0x00000000002fb005 
entry: 252 == 0x00000000002fc005 
entry: 253 == 0x00000000002fd005 
entry: 254 == 0x00000000002fe005 
entry: 255 == 0x00000000002ff005 
===========================================
===========================================
===========================================
===========================================
(0).[3913448703] [0x000000106ad5] 0008:0000000000106ad5 (_ZN6heap_tC1EPFbmmbbEPFbmmEmmmhh+145): mov dword ptr ds:[rcx+4], edx ; 895104
Next at t=3913448704
(0) [0x0000fffffff0] f000:fff0 (no symbol): jmpf 0xf000:e05b          ; ea5be000f0
<bochs:2> (0).[3913448704] [0x0000fffffff0] f000:fff0 (no symbol): jmpf 0xf000:e05b          ; ea5be000f0
