Startup Data Block: strx0010 :00010InstalldT 00080i1IDT entr  0008,z0
maxzSize: 2147483648
frames: 0000000000124000 to 0000000000134008 for 524352 bits, maxSize: 2147483648
maxzSize: 2147483648
initialKernelHeap
create_heap: start: 00000000c0000000, end: 00000000c0200000, max: 0000000200000000
hole: 00000000c0101000
Heap Created. placemen_rs 0007
Heap Initialized...
Initialized COM1 port
COM1: UART 16550A,	COM2: UART 16550A
COM3: UART 16750,	COM4: UART 8250
Primary IDE controller present.
Secondary IDE controller absent.
process mboot_header
Announced mbi size 6064 (000017b0)
Tag: MULTIBOOT_TAG_TYPE_LOAD_BASE_ADDR, Size 12
load base addr: 0x00000000
Tag: MULTIBOOT_TAG_TYPE_CMDLINE, Size 47
Command line = console=serial1,n,8,1 debugout=enabled
Tag: MULTIBOOT_TAG_TYPE_BOOT_LOADER_NAME, Size 30
Boot loader name = GRUB 2.02-2ubuntu8.13
Tag: MULTIBOOT_TAG_TYPE_APM, Size 28
apm
Version: 258, cseg 0xf000, offset 0x00009319
cseg16: 0xf000, dseg: 0xf000, flags: 0x0003
cseg_len: 65520, cseg_16_len: 65520, dseg_len: 65520
Tag: MULTIBOOT_TAG_TYPE_MMAP, Size 160
mmap
 base_addr = 0x0000000000000000, length = 0x000000000009f000, type = available
 base_addr = 0x000000000009f000, length = 0x0000000000001000, type = reserved
 base_addr = 0x00000000000e8000, length = 0x0000000000018000, type = reserved
 base_addr = 0x0000000000100000, length = 0x000000007fef0000, type = available
 base_addr = 0x000000007fff0000, length = 0x0000000000010000, type = acpi
 base_addr = 0x00000000fffc0000, length = 0x0000000000040000, type = reserved
Totals: 2047M RAM, 64K ACPI, 0 Defective, 356K reserved
Tag: MULTIBOOT_TAG_TYPE_ELF_SECTIONS, Size 5652
elf sections, num 88, entsize 64, shndx: 87
Tag: MULTIBOOT_TAG_TYPE_BASIC_MEMINFO, Size 16
mem_lower = 636KB, (0x0000027cKB) mem_upper = 2096064KB (0x001ffbc0KB)
Tag: MULTIBOOT_TAG_TYPE_BOOTDEV, Size 20
Boot device 0x000000e0, 4294967295 (0xffffffff), 4294967295 (0xffffffff)
Tag: MULTIBOOT_TAG_TYPE_FRAMEBUFFER, Size 32
framebuffer: type: 2
addr: 0x00000000000b8000, pitch: 160, width: 80, height: 25, bpp: 16
Tag: MULTIBOOT_TAG_TYPE_ACPI_OLD, Size 28
acpi old
Signature: RSD PTR , checksum: 212, OEMID: BOCHS ,
revision: 0, RstAddress: 0x7fff0000
Total mbi size 6064 (0x000017b0)
no interrupt handler for: 39
RTC Current Time:
